c:\users\murat\desktop\database\c++\homework\date\build\dateproject.dir\debug\vc143.pdb
c:\users\murat\desktop\database\c++\homework\date\build\dateproject.dir\debug\main.obj
c:\users\murat\desktop\database\c++\homework\date\build\dateproject.dir\debug\date.obj
c:\users\murat\desktop\database\c++\homework\date\build\cmakefiles\generate.stamp
c:\users\murat\desktop\database\c++\homework\date\build\debug\dateproject.pdb
c:\users\murat\desktop\database\c++\homework\date\build\dateproject.dir\debug\dateproject.tlog\cl.command.1.tlog
c:\users\murat\desktop\database\c++\homework\date\build\dateproject.dir\debug\dateproject.tlog\cl.read.1.tlog
c:\users\murat\desktop\database\c++\homework\date\build\dateproject.dir\debug\dateproject.tlog\cl.write.1.tlog
c:\users\murat\desktop\database\c++\homework\date\build\dateproject.dir\debug\dateproject.tlog\custombuild.command.1.tlog
c:\users\murat\desktop\database\c++\homework\date\build\dateproject.dir\debug\dateproject.tlog\custombuild.read.1.tlog
c:\users\murat\desktop\database\c++\homework\date\build\dateproject.dir\debug\dateproject.tlog\custombuild.write.1.tlog
c:\users\murat\desktop\database\c++\homework\date\build\dateproject.dir\debug\dateproject.tlog\link-cvtres.read.1.tlog
c:\users\murat\desktop\database\c++\homework\date\build\dateproject.dir\debug\dateproject.tlog\link-cvtres.write.1.tlog
c:\users\murat\desktop\database\c++\homework\date\build\dateproject.dir\debug\dateproject.tlog\link-rc.read.1.tlog
c:\users\murat\desktop\database\c++\homework\date\build\dateproject.dir\debug\dateproject.tlog\link-rc.write.1.tlog
c:\users\murat\desktop\database\c++\homework\date\build\dateproject.dir\debug\dateproject.tlog\link.9820-cvtres.read.1.tlog
c:\users\murat\desktop\database\c++\homework\date\build\dateproject.dir\debug\dateproject.tlog\link.9820-cvtres.write.1.tlog
c:\users\murat\desktop\database\c++\homework\date\build\dateproject.dir\debug\dateproject.tlog\link.9820-rc.read.1.tlog
c:\users\murat\desktop\database\c++\homework\date\build\dateproject.dir\debug\dateproject.tlog\link.9820-rc.write.1.tlog
c:\users\murat\desktop\database\c++\homework\date\build\dateproject.dir\debug\dateproject.tlog\link.9820.read.1.tlog
c:\users\murat\desktop\database\c++\homework\date\build\dateproject.dir\debug\dateproject.tlog\link.9820.write.1.tlog
c:\users\murat\desktop\database\c++\homework\date\build\dateproject.dir\debug\dateproject.tlog\link.command.1.tlog
c:\users\murat\desktop\database\c++\homework\date\build\dateproject.dir\debug\dateproject.tlog\link.read.1.tlog
c:\users\murat\desktop\database\c++\homework\date\build\dateproject.dir\debug\dateproject.tlog\link.read.2.tlog
c:\users\murat\desktop\database\c++\homework\date\build\dateproject.dir\debug\dateproject.tlog\link.write.1.tlog
